<?xml version="1.0" encoding="UTF-8"?>
<testng-results skipped="0" failed="0" ignored="0" total="1" passed="1">
  <reporter-output>
  </reporter-output>
  <suite name="ParallelTest" duration-ms="23653" started-at="2019-11-05T14:04:03Z" finished-at="2019-11-05T14:04:27Z">
    <groups>
    </groups>
    <test name="Test1" duration-ms="23653" started-at="2019-11-05T14:04:03Z" finished-at="2019-11-05T14:04:27Z">
      <class name="com.webdriver.framework.TestRunner">
        <test-method status="PASS" signature="TestRunner(java.lang.String, java.lang.String)[pri:0, instance:com.webdriver.framework.TestRunner@6d4b1c02]" name="TestRunner" duration-ms="23629" started-at="2019-11-05T14:04:03Z" finished-at="2019-11-05T14:04:27Z">
          <params>
            <param index="0">
              <value>
                <![CDATA[11]]>
              </value>
            </param>
            <param index="1">
              <value>
                <![CDATA[Sanity]]>
              </value>
            </param>
          </params>
          <reporter-output>
          </reporter-output>
        </test-method> <!-- TestRunner -->
      </class> <!-- com.webdriver.framework.TestRunner -->
    </test> <!-- Test1 -->
  </suite> <!-- ParallelTest -->
</testng-results>
