<?xml version="1.0" encoding="UTF-8"?>
<!-- Generated by org.testng.reporters.JUnitXMLReporter -->
<testsuite hostname="YORAM" ignored="0" name="Test1" tests="1" failures="1" timestamp="06 Nov 2019 12:26:19 GMT" time="16.677" errors="0">
  <testcase name="TestRunner" time="16.645" classname="com.webdriver.framework.TestRunner">
    <failure type="org.openqa.selenium.SessionNotCreatedException" message="session not created
from disconnected: received Inspector.detached event
  (Session info: chrome=78.0.3904.70)
Build info: version: &amp;apos;3.14.0&amp;apos;, revision: &amp;apos;aacccce0&amp;apos;, time: &amp;apos;2018-08-02T20:19:58.91Z&amp;apos;
System info: host: &amp;apos;YORAM&amp;apos;, ip: &amp;apos;10.0.3.100&amp;apos;, os.name: &amp;apos;Windows 7&amp;apos;, os.arch: &amp;apos;amd64&amp;apos;, os.version: &amp;apos;6.1&amp;apos;, java.version: &amp;apos;1.8.0_221&amp;apos;
Driver info: driver.version: ChromeDriver
remote stacktrace: Backtrace:
	Ordinal0 [0x004EA903+1550595]
	Ordinal0 [0x0046A701+1025793]
	Ordinal0 [0x003EC6E5+509669]
	Ordinal0 [0x003E5229+479785]
	Ordinal0 [0x003E4DFA+478714]
	Ordinal0 [0x003E4878+477304]
	Ordinal0 [0x003E3FEA+475114]
	Ordinal0 [0x003E4105+475397]
	Ordinal0 [0x003E3BB5+474037]
	Ordinal0 [0x003EB445+504901]
	Ordinal0 [0x003E3B68+473960]
	Ordinal0 [0x003E451B+476443]
	Ordinal0 [0x003E3FEA+475114]
	Ordinal0 [0x003E4105+475397]
	Ordinal0 [0x003E3BB5+474037]
	Ordinal0 [0x003E9D8E+499086]
	Ordinal0 [0x003E3B68+473960]
	Ordinal0 [0x003E451B+476443]
	Ordinal0 [0x003E3FEA+475114]
	Ordinal0 [0x003E4105+475397]
	Ordinal0 [0x003E3BB5+474037]
	Ordinal0 [0x003E860D+493069]
	Ordinal0 [0x003E3B68+473960]
	Ordinal0 [0x003E451B+476443]
	Ordinal0 [0x003E3FEA+475114]
	Ordinal0 [0x003E4105+475397]
	Ordinal0 [0x003E3BB5+474037]
	Ordinal0 [0x003E7CC7+490695]
	Ordinal0 [0x003E3B68+473960]
	Ordinal0 [0x003E451B+476443]
	Ordinal0 [0x003E3FEA+475114]
	Ordinal0 [0x003E4105+475397]
	Ordinal0 [0x003E3BB5+474037]
	Ordinal0 [0x003E07AC+460716]
	Ordinal0 [0x003E3B68+473960]
	Ordinal0 [0x003E3A44+473668]
	Ordinal0 [0x003ED330+512816]
	Ordinal0 [0x0039B649+177737]
	Ordinal0 [0x0039A8ED+174317]
	Ordinal0 [0x00398CDB+167131]
	Ordinal0 [0x0038144A+70730]
	Ordinal0 [0x003824D0+74960]
	Ordinal0 [0x00382469+74857]
	Ordinal0 [0x004842C7+1131207]
	GetHandleVerifier [0x005870FD+523789]
	GetHandleVerifier [0x00586E90+523168]
	GetHandleVerifier [0x0058E1E7+552695]
	GetHandleVerifier [0x005878FA+525834]
	Ordinal0 [0x0047B7FC+1095676]
	Ordinal0 [0x0048633B+1139515]
	Ordinal0 [0x004864A3+1139875]
	Ordinal0 [0x00485425+1135653]
	BaseThreadInitThunk [0x773A343D+18]
	RtlInitializeExceptionChain [0x77B09802+99]
	RtlInitializeExceptionChain [0x77B097D5+54]
">
      <![CDATA[org.openqa.selenium.SessionNotCreatedException: session not created
from disconnected: received Inspector.detached event
  (Session info: chrome=78.0.3904.70)
Build info: version: '3.14.0', revision: 'aacccce0', time: '2018-08-02T20:19:58.91Z'
System info: host: 'YORAM', ip: '10.0.3.100', os.name: 'Windows 7', os.arch: 'amd64', os.version: '6.1', java.version: '1.8.0_221'
Driver info: driver.version: ChromeDriver
remote stacktrace: Backtrace:
Ordinal0 [0x004EA903+1550595]
Ordinal0 [0x0046A701+1025793]
Ordinal0 [0x003EC6E5+509669]
Ordinal0 [0x003E5229+479785]
Ordinal0 [0x003E4DFA+478714]
Ordinal0 [0x003E4878+477304]
Ordinal0 [0x003E3FEA+475114]
Ordinal0 [0x003E4105+475397]
Ordinal0 [0x003E3BB5+474037]
Ordinal0 [0x003EB445+504901]
Ordinal0 [0x003E3B68+473960]
Ordinal0 [0x003E451B+476443]
Ordinal0 [0x003E3FEA+475114]
Ordinal0 [0x003E4105+475397]
Ordinal0 [0x003E3BB5+474037]
Ordinal0 [0x003E9D8E+499086]
Ordinal0 [0x003E3B68+473960]
Ordinal0 [0x003E451B+476443]
Ordinal0 [0x003E3FEA+475114]
Ordinal0 [0x003E4105+475397]
Ordinal0 [0x003E3BB5+474037]
Ordinal0 [0x003E860D+493069]
Ordinal0 [0x003E3B68+473960]
Ordinal0 [0x003E451B+476443]
Ordinal0 [0x003E3FEA+475114]
Ordinal0 [0x003E4105+475397]
Ordinal0 [0x003E3BB5+474037]
Ordinal0 [0x003E7CC7+490695]
Ordinal0 [0x003E3B68+473960]
Ordinal0 [0x003E451B+476443]
Ordinal0 [0x003E3FEA+475114]
Ordinal0 [0x003E4105+475397]
Ordinal0 [0x003E3BB5+474037]
Ordinal0 [0x003E07AC+460716]
Ordinal0 [0x003E3B68+473960]
Ordinal0 [0x003E3A44+473668]
Ordinal0 [0x003ED330+512816]
Ordinal0 [0x0039B649+177737]
Ordinal0 [0x0039A8ED+174317]
Ordinal0 [0x00398CDB+167131]
Ordinal0 [0x0038144A+70730]
Ordinal0 [0x003824D0+74960]
Ordinal0 [0x00382469+74857]
Ordinal0 [0x004842C7+1131207]
GetHandleVerifier [0x005870FD+523789]
GetHandleVerifier [0x00586E90+523168]
GetHandleVerifier [0x0058E1E7+552695]
GetHandleVerifier [0x005878FA+525834]
Ordinal0 [0x0047B7FC+1095676]
Ordinal0 [0x0048633B+1139515]
Ordinal0 [0x004864A3+1139875]
Ordinal0 [0x00485425+1135653]
BaseThreadInitThunk [0x773A343D+18]
RtlInitializeExceptionChain [0x77B09802+99]
RtlInitializeExceptionChain [0x77B097D5+54]

at org.openqa.selenium.remote.W3CHandshakeResponse.lambda$new$0(W3CHandshakeResponse.java:57)
at org.openqa.selenium.remote.W3CHandshakeResponse.lambda$getResponseFunction$2(W3CHandshakeResponse.java:104)
at org.openqa.selenium.remote.ProtocolHandshake.lambda$createSession$0(ProtocolHandshake.java:122)
at java.util.stream.ReferencePipeline$3$1.accept(Unknown Source)
at java.util.Spliterators$ArraySpliterator.tryAdvance(Unknown Source)
at java.util.stream.ReferencePipeline.forEachWithCancel(Unknown Source)
at java.util.stream.AbstractPipeline.copyIntoWithCancel(Unknown Source)
at java.util.stream.AbstractPipeline.copyInto(Unknown Source)
at java.util.stream.AbstractPipeline.wrapAndCopyInto(Unknown Source)
at java.util.stream.FindOps$FindOp.evaluateSequential(Unknown Source)
at java.util.stream.AbstractPipeline.evaluate(Unknown Source)
at java.util.stream.ReferencePipeline.findFirst(Unknown Source)
at org.openqa.selenium.remote.ProtocolHandshake.createSession(ProtocolHandshake.java:125)
at org.openqa.selenium.remote.ProtocolHandshake.createSession(ProtocolHandshake.java:73)
at org.openqa.selenium.remote.HttpCommandExecutor.execute(HttpCommandExecutor.java:136)
at org.openqa.selenium.remote.service.DriverCommandExecutor.execute(DriverCommandExecutor.java:83)
at org.openqa.selenium.remote.RemoteWebDriver.execute(RemoteWebDriver.java:548)
at org.openqa.selenium.remote.RemoteWebDriver.startSession(RemoteWebDriver.java:212)
at org.openqa.selenium.remote.RemoteWebDriver.<init>(RemoteWebDriver.java:130)
at org.openqa.selenium.chrome.ChromeDriver.<init>(ChromeDriver.java:181)
at org.openqa.selenium.chrome.ChromeDriver.<init>(ChromeDriver.java:168)
at org.openqa.selenium.chrome.ChromeDriver.<init>(ChromeDriver.java:123)
at com.patrick.testcases.funcA.execute(funcA.java:30)
at com.webdriver.framework.TestRunner.execute_Actions(TestRunner.java:86)
at com.webdriver.framework.TestRunner.TestRunner(TestRunner.java:56)
at java.util.concurrent.FutureTask.run(Unknown Source)
at java.util.concurrent.ThreadPoolExecutor.runWorker(Unknown Source)
at java.util.concurrent.ThreadPoolExecutor$Worker.run(Unknown Source)
at java.lang.Thread.run(Unknown Source)
... Removed 20 stack frames]]>
    </failure>
  </testcase> <!-- TestRunner -->
</testsuite> <!-- Test1 -->
